<?xml version="1.0" encoding="UTF-8"?>
<!-- Generated by org.testng.reporters.JUnitXMLReporter -->
<testsuite hostname="LAPTOP-D2GVCL39" ignored="0" name="Regression" tests="3" failures="0" timestamp="2021-12-16T20:37:16 IST" time="16.631" errors="0">
  <testcase name="methodAFromAnnotation2" time="0.002" classname="KTCTC.FIRSTMAVENProject.Annotation2"/>
  <testcase name="methodBFromAnnotation2" time="0.007" classname="KTCTC.FIRSTMAVENProject.Annotation2"/>
  <testcase name="verfyUserCanUploadFileSuccessfully" time="16.597" classname="KTCTC.FIRSTMAVENProject.FIleUploadTestCase"/>
</testsuite> <!-- Regression -->
