<?xml version="1.0" encoding="UTF-8"?>
<!-- Generated by org.testng.reporters.JUnitXMLReporter -->
<testsuite hostname="LAPTOP-D2GVCL39" ignored="0" name="Smoke" tests="3" failures="0" timestamp="2021-12-16T20:36:59 IST" time="0.072" errors="0">
  <testcase name="VerifyUserCanLoginWithValidUserNameAndValidPassword" time="0.005" classname="KTCTC.FIRSTMAVENProject.AnnotationsInTestNG"/>
  <testcase name="VerifyUserCanNotLoginWithInValidUserNameAndValidPassword" time="0.002" classname="KTCTC.FIRSTMAVENProject.AnnotationsInTestNG"/>
  <testcase name="VerifyUserCanNotLoginWithValidUserNameAndInValidPassword" time="0.001" classname="KTCTC.FIRSTMAVENProject.AnnotationsInTestNG"/>
</testsuite> <!-- Smoke -->
