<?xml version="1.0" encoding="UTF-8"?>
<!-- Generated by org.testng.reporters.JUnitXMLReporter -->
<testsuite hostname="LAPTOP-D2GVCL39" ignored="4" name="RegressionTest" tests="5" failures="0" timestamp="2021-12-14T20:24:13 IST" time="0.121" errors="0">
  <testcase name="VerifyUserCanLoginWithValidUserNameAndValidPassword" time="0.011" classname="KTCTC.FIRSTMAVENProject.AnnotationsInTestNG"/>
  <testcase name="VerifyUserCanNotLoginWithInValidUserNameAndValidPassword" time="0.003" classname="KTCTC.FIRSTMAVENProject.AnnotationsInTestNG"/>
  <testcase name="VerifyUserCanNotLoginWithValidUserNameAndInValidPassword" time="0.005" classname="KTCTC.FIRSTMAVENProject.AnnotationsInTestNG"/>
  <testcase name="methodAFromAnnotation2" time="0.004" classname="KTCTC.FIRSTMAVENProject.Annotation2"/>
  <testcase name="methodBFromAnnotation2" time="0.002" classname="KTCTC.FIRSTMAVENProject.Annotation2"/>
  <testcase name="@BeforeSuite beforeSuite" time="0.0" classname="KTCTC.FIRSTMAVENProject.TestBase">
    <ignored/>
  </testcase> <!-- @BeforeSuite beforeSuite -->
  <testcase name="@AfterTest afterTest" time="0.0" classname="KTCTC.FIRSTMAVENProject.TestBase">
    <ignored/>
  </testcase> <!-- @AfterTest afterTest -->
  <testcase name="@BeforeTest beforeTest" time="0.0" classname="KTCTC.FIRSTMAVENProject.TestBase">
    <ignored/>
  </testcase> <!-- @BeforeTest beforeTest -->
  <testcase name="@AfterSuite afterSuite" time="0.0" classname="KTCTC.FIRSTMAVENProject.TestBase">
    <ignored/>
  </testcase> <!-- @AfterSuite afterSuite -->
</testsuite> <!-- RegressionTest -->
